1592616310517	mozrunner::runner	INFO	Running command: "/Applications/Firefox.app/Contents/MacOS/firefox-bin" "-marionette" "-foreground" "-no-remote" "-profile" "/var/folders/qc/chdcv4w53xnc3401pqzqh53r0000gn/T/rust_mozprofileGOSw8E"
1592616315119	Marionette	INFO	Listening on port 56037
1592616315200	Marionette	WARN	TLS certificate errors will be ignored for this session
JavaScript error: resource://gre/modules/URIFixup.jsm, line 203: NS_ERROR_FAILURE: Should pass a non-null uri
1592616323223	Marionette	INFO	Stopped listening on port 56037
1607032255753	mozrunner::runner	INFO	Running command: "/usr/bin/firefox" "-marionette" "-foreground" "-no-remote" "-profile" "/tmp/rust_mozprofileqiJZPh"
dpkg-query: warning: parsing file '/var/lib/dpkg/status' near line 13859 package 'image-shrink':
 missing 'Maintainer' field
console.info: MINT: Trying to use the system region (based on LANG).
console.info: MINT: System region is US
console.warn: SearchSettings: "get: No settings file exists, new profile?" (new Error("", "(unknown module)"))
console.info: MINT: Loading search-config defaults.
JavaScript error: resource://gre/modules/TelemetryUtils.jsm, line 161: TypeError: date is undefined
1607032257534	Marionette	INFO	Listening on port 34215
1607032257580	Marionette	WARN	TLS certificate errors will be ignored for this session
1607032307674	Marionette	INFO	Stopped listening on port 34215
1607032431396	mozrunner::runner	INFO	Running command: "/usr/bin/firefox" "-marionette" "-foreground" "-no-remote" "-profile" "/tmp/rust_mozprofilewgvxV3"
dpkg-query: warning: parsing file '/var/lib/dpkg/status' near line 13859 package 'image-shrink':
 missing 'Maintainer' field
console.info: MINT: Trying to use the system region (based on LANG).
console.info: MINT: System region is US
console.warn: SearchSettings: "get: No settings file exists, new profile?" (new Error("", "(unknown module)"))
console.info: MINT: Loading search-config defaults.
JavaScript error: resource://gre/modules/TelemetryUtils.jsm, line 161: TypeError: date is undefined
1607032433203	Marionette	INFO	Listening on port 35681
1607032433324	Marionette	WARN	TLS certificate errors will be ignored for this session
1607032445225	Marionette	INFO	Stopped listening on port 35681
1607034104815	mozrunner::runner	INFO	Running command: "/usr/bin/firefox" "-marionette" "-foreground" "-no-remote" "-profile" "/tmp/rust_mozprofilet76FeP"
dpkg-query: warning: parsing file '/var/lib/dpkg/status' near line 13859 package 'image-shrink':
 missing 'Maintainer' field
console.info: MINT: Trying to use the system region (based on LANG).
console.info: MINT: System region is US
console.warn: SearchSettings: "get: No settings file exists, new profile?" (new Error("", "(unknown module)"))
console.info: MINT: Loading search-config defaults.
JavaScript error: resource://gre/modules/TelemetryUtils.jsm, line 161: TypeError: date is undefined
1607034106526	Marionette	INFO	Listening on port 41479
1607034106681	Marionette	WARN	TLS certificate errors will be ignored for this session
1607034119372	Marionette	INFO	Stopped listening on port 41479
1607034240228	mozrunner::runner	INFO	Running command: "/usr/bin/firefox" "-marionette" "-foreground" "-no-remote" "-profile" "/tmp/rust_mozprofile6q3ztq"
dpkg-query: warning: parsing file '/var/lib/dpkg/status' near line 13859 package 'image-shrink':
 missing 'Maintainer' field
console.info: MINT: Trying to use the system region (based on LANG).
console.info: MINT: System region is US
console.warn: SearchSettings: "get: No settings file exists, new profile?" (new Error("", "(unknown module)"))
console.info: MINT: Loading search-config defaults.
JavaScript error: resource://gre/modules/TelemetryUtils.jsm, line 161: TypeError: date is undefined
1607034242105	Marionette	INFO	Listening on port 43047
1607034242171	Marionette	WARN	TLS certificate errors will be ignored for this session
1607034255260	Marionette	INFO	Stopped listening on port 43047
1607034297886	mozrunner::runner	INFO	Running command: "/usr/bin/firefox" "-marionette" "-foreground" "-no-remote" "-profile" "/tmp/rust_mozprofilelpIdf6"
dpkg-query: warning: parsing file '/var/lib/dpkg/status' near line 13859 package 'image-shrink':
 missing 'Maintainer' field
console.info: MINT: Trying to use the system region (based on LANG).
console.info: MINT: System region is US
console.warn: SearchSettings: "get: No settings file exists, new profile?" (new Error("", "(unknown module)"))
console.info: MINT: Loading search-config defaults.
JavaScript error: resource://gre/modules/TelemetryUtils.jsm, line 161: TypeError: date is undefined
1607034299819	Marionette	INFO	Listening on port 41905
1607034299911	Marionette	WARN	TLS certificate errors will be ignored for this session
1607034310912	Marionette	INFO	Stopped listening on port 41905
1607034455726	mozrunner::runner	INFO	Running command: "/usr/bin/firefox" "-marionette" "-foreground" "-no-remote" "-profile" "/tmp/rust_mozprofile8ftndg"
dpkg-query: warning: parsing file '/var/lib/dpkg/status' near line 13859 package 'image-shrink':
 missing 'Maintainer' field
console.info: MINT: Trying to use the system region (based on LANG).
console.info: MINT: System region is US
console.warn: SearchSettings: "get: No settings file exists, new profile?" (new Error("", "(unknown module)"))
console.info: MINT: Loading search-config defaults.
JavaScript error: resource://gre/modules/TelemetryUtils.jsm, line 161: TypeError: date is undefined
1607034457542	Marionette	INFO	Listening on port 46297
1607034457649	Marionette	WARN	TLS certificate errors will be ignored for this session
1607034472336	Marionette	INFO	Stopped listening on port 46297
1607034473876	mozrunner::runner	INFO	Running command: "/usr/bin/firefox" "-marionette" "-foreground" "-no-remote" "-profile" "/tmp/rust_mozprofileGXR3Hz"
dpkg-query: warning: parsing file '/var/lib/dpkg/status' near line 13859 package 'image-shrink':
 missing 'Maintainer' field
console.info: MINT: Trying to use the system region (based on LANG).
console.info: MINT: System region is US
console.warn: SearchSettings: "get: No settings file exists, new profile?" (new Error("", "(unknown module)"))
console.info: MINT: Loading search-config defaults.
JavaScript error: resource://gre/modules/TelemetryUtils.jsm, line 161: TypeError: date is undefined
1607034475918	Marionette	INFO	Listening on port 42513
1607034476019	Marionette	WARN	TLS certificate errors will be ignored for this session
1607034503138	Marionette	INFO	Stopped listening on port 42513
1607034504670	mozrunner::runner	INFO	Running command: "/usr/bin/firefox" "-marionette" "-foreground" "-no-remote" "-profile" "/tmp/rust_mozprofilegvxk8i"
dpkg-query: warning: parsing file '/var/lib/dpkg/status' near line 13859 package 'image-shrink':
 missing 'Maintainer' field
console.info: MINT: Trying to use the system region (based on LANG).
console.info: MINT: System region is US
console.warn: SearchSettings: "get: No settings file exists, new profile?" (new Error("", "(unknown module)"))
console.info: MINT: Loading search-config defaults.
JavaScript error: resource://gre/modules/TelemetryUtils.jsm, line 161: TypeError: date is undefined
1607034506610	Marionette	INFO	Listening on port 44117
1607034506696	Marionette	WARN	TLS certificate errors will be ignored for this session
1607034525365	Marionette	INFO	Stopped listening on port 44117
1607034526887	mozrunner::runner	INFO	Running command: "/usr/bin/firefox" "-marionette" "-foreground" "-no-remote" "-profile" "/tmp/rust_mozprofilerH21IB"
dpkg-query: warning: parsing file '/var/lib/dpkg/status' near line 13859 package 'image-shrink':
 missing 'Maintainer' field
console.info: MINT: Trying to use the system region (based on LANG).
console.info: MINT: System region is US
console.warn: SearchSettings: "get: No settings file exists, new profile?" (new Error("", "(unknown module)"))
console.info: MINT: Loading search-config defaults.
JavaScript error: resource://gre/modules/TelemetryUtils.jsm, line 161: TypeError: date is undefined
1607034528830	Marionette	INFO	Listening on port 46381
1607034528919	Marionette	WARN	TLS certificate errors will be ignored for this session
1607034576829	Marionette	INFO	Stopped listening on port 46381
1607034578353	mozrunner::runner	INFO	Running command: "/usr/bin/firefox" "-marionette" "-foreground" "-no-remote" "-profile" "/tmp/rust_mozprofileF6F6m2"
dpkg-query: warning: parsing file '/var/lib/dpkg/status' near line 13859 package 'image-shrink':
 missing 'Maintainer' field
console.info: MINT: Trying to use the system region (based on LANG).
console.info: MINT: System region is US
console.warn: SearchSettings: "get: No settings file exists, new profile?" (new Error("", "(unknown module)"))
console.info: MINT: Loading search-config defaults.
JavaScript error: resource://gre/modules/TelemetryUtils.jsm, line 161: TypeError: date is undefined
1607034580427	Marionette	INFO	Listening on port 37911
1607034580481	Marionette	WARN	TLS certificate errors will be ignored for this session
1607034617355	Marionette	INFO	Stopped listening on port 37911
1607034618871	mozrunner::runner	INFO	Running command: "/usr/bin/firefox" "-marionette" "-foreground" "-no-remote" "-profile" "/tmp/rust_mozprofileNrM01W"
dpkg-query: warning: parsing file '/var/lib/dpkg/status' near line 13859 package 'image-shrink':
 missing 'Maintainer' field
console.info: MINT: Trying to use the system region (based on LANG).
console.info: MINT: System region is US
console.warn: SearchSettings: "get: No settings file exists, new profile?" (new Error("", "(unknown module)"))
console.info: MINT: Loading search-config defaults.
JavaScript error: resource://gre/modules/TelemetryUtils.jsm, line 161: TypeError: date is undefined
1607034620731	Marionette	INFO	Listening on port 44313
1607034620806	Marionette	WARN	TLS certificate errors will be ignored for this session
1607034625642	Marionette	INFO	Stopped listening on port 44313
1607035144600	mozrunner::runner	INFO	Running command: "/usr/bin/firefox" "-marionette" "-foreground" "-no-remote" "-profile" "/tmp/rust_mozprofileJ62sCH"
dpkg-query: warning: parsing file '/var/lib/dpkg/status' near line 13859 package 'image-shrink':
 missing 'Maintainer' field
console.info: MINT: Trying to use the system region (based on LANG).
console.info: MINT: System region is US
console.warn: SearchSettings: "get: No settings file exists, new profile?" (new Error("", "(unknown module)"))
console.info: MINT: Loading search-config defaults.
JavaScript error: resource://gre/modules/TelemetryUtils.jsm, line 161: TypeError: date is undefined
1607035146645	Marionette	INFO	Listening on port 32867
1607035146730	Marionette	WARN	TLS certificate errors will be ignored for this session
Exiting due to channel error.
Exiting due to channel error.
Exiting due to channel error.
1607035205542	mozrunner::runner	INFO	Running command: "/usr/bin/firefox" "-marionette" "-foreground" "-no-remote" "-profile" "/tmp/rust_mozprofilePT6Jcp"
dpkg-query: warning: parsing file '/var/lib/dpkg/status' near line 13859 package 'image-shrink':
 missing 'Maintainer' field
console.info: MINT: Trying to use the system region (based on LANG).
console.info: MINT: System region is US
console.warn: SearchSettings: "get: No settings file exists, new profile?" (new Error("", "(unknown module)"))
console.info: MINT: Loading search-config defaults.
JavaScript error: resource://gre/modules/TelemetryUtils.jsm, line 161: TypeError: date is undefined
1607035207449	Marionette	INFO	Listening on port 34491
1607035207567	Marionette	WARN	TLS certificate errors will be ignored for this session
1607035233884	Marionette	INFO	Stopped listening on port 34491
1607035391396	mozrunner::runner	INFO	Running command: "/usr/bin/firefox" "-marionette" "-foreground" "-no-remote" "-profile" "/tmp/rust_mozprofilepKE3YU"
dpkg-query: warning: parsing file '/var/lib/dpkg/status' near line 13859 package 'image-shrink':
 missing 'Maintainer' field
console.info: MINT: Trying to use the system region (based on LANG).
console.info: MINT: System region is US
console.warn: SearchSettings: "get: No settings file exists, new profile?" (new Error("", "(unknown module)"))
console.info: MINT: Loading search-config defaults.
JavaScript error: resource://gre/modules/TelemetryUtils.jsm, line 161: TypeError: date is undefined
1607035393159	Marionette	INFO	Listening on port 35259
1607035393219	Marionette	WARN	TLS certificate errors will be ignored for this session
1607035405517	Marionette	INFO	Stopped listening on port 35259
1607035406945	mozrunner::runner	INFO	Running command: "/usr/bin/firefox" "-marionette" "-foreground" "-no-remote" "-profile" "/tmp/rust_mozprofile8qcM4f"
dpkg-query: warning: parsing file '/var/lib/dpkg/status' near line 13859 package 'image-shrink':
 missing 'Maintainer' field
console.info: MINT: Trying to use the system region (based on LANG).
console.info: MINT: System region is US
console.warn: SearchSettings: "get: No settings file exists, new profile?" (new Error("", "(unknown module)"))
console.info: MINT: Loading search-config defaults.
JavaScript error: resource://gre/modules/TelemetryUtils.jsm, line 161: TypeError: date is undefined
1607035408793	Marionette	INFO	Listening on port 41635
1607035408875	Marionette	WARN	TLS certificate errors will be ignored for this session
1607035436028	Marionette	INFO	Stopped listening on port 41635
1607035437446	mozrunner::runner	INFO	Running command: "/usr/bin/firefox" "-marionette" "-foreground" "-no-remote" "-profile" "/tmp/rust_mozprofile91gZ4E"
dpkg-query: warning: parsing file '/var/lib/dpkg/status' near line 13859 package 'image-shrink':
 missing 'Maintainer' field
console.info: MINT: Trying to use the system region (based on LANG).
console.info: MINT: System region is US
console.warn: SearchSettings: "get: No settings file exists, new profile?" (new Error("", "(unknown module)"))
console.info: MINT: Loading search-config defaults.
JavaScript error: resource://gre/modules/TelemetryUtils.jsm, line 161: TypeError: date is undefined
1607035439401	Marionette	INFO	Listening on port 42605
1607035439470	Marionette	WARN	TLS certificate errors will be ignored for this session
1607035455685	Marionette	INFO	Stopped listening on port 42605
1607035457207	mozrunner::runner	INFO	Running command: "/usr/bin/firefox" "-marionette" "-foreground" "-no-remote" "-profile" "/tmp/rust_mozprofileTjt9zW"
dpkg-query: warning: parsing file '/var/lib/dpkg/status' near line 13859 package 'image-shrink':
 missing 'Maintainer' field
console.info: MINT: Trying to use the system region (based on LANG).
console.info: MINT: System region is US
console.warn: SearchSettings: "get: No settings file exists, new profile?" (new Error("", "(unknown module)"))
console.info: MINT: Loading search-config defaults.
JavaScript error: resource://gre/modules/TelemetryUtils.jsm, line 161: TypeError: date is undefined
1607035459115	Marionette	INFO	Listening on port 40891
1607035459234	Marionette	WARN	TLS certificate errors will be ignored for this session
1607035508042	Marionette	INFO	Stopped listening on port 40891
1607035509586	mozrunner::runner	INFO	Running command: "/usr/bin/firefox" "-marionette" "-foreground" "-no-remote" "-profile" "/tmp/rust_mozprofileeRJ7ey"
dpkg-query: warning: parsing file '/var/lib/dpkg/status' near line 13859 package 'image-shrink':
 missing 'Maintainer' field
console.info: MINT: Trying to use the system region (based on LANG).
console.info: MINT: System region is US
console.warn: SearchSettings: "get: No settings file exists, new profile?" (new Error("", "(unknown module)"))
console.info: MINT: Loading search-config defaults.
JavaScript error: resource://gre/modules/TelemetryUtils.jsm, line 161: TypeError: date is undefined
1607035511650	Marionette	INFO	Listening on port 37303
1607035511710	Marionette	WARN	TLS certificate errors will be ignored for this session
1607035536490	Marionette	INFO	Stopped listening on port 37303
1607035538003	mozrunner::runner	INFO	Running command: "/usr/bin/firefox" "-marionette" "-foreground" "-no-remote" "-profile" "/tmp/rust_mozprofilewBXJio"
dpkg-query: warning: parsing file '/var/lib/dpkg/status' near line 13859 package 'image-shrink':
 missing 'Maintainer' field
console.info: MINT: Trying to use the system region (based on LANG).
console.info: MINT: System region is US
console.warn: SearchSettings: "get: No settings file exists, new profile?" (new Error("", "(unknown module)"))
console.info: MINT: Loading search-config defaults.
JavaScript error: resource://gre/modules/TelemetryUtils.jsm, line 161: TypeError: date is undefined
1607035539783	Marionette	INFO	Listening on port 44173
1607035539825	Marionette	WARN	TLS certificate errors will be ignored for this session
1607035545094	Marionette	INFO	Stopped listening on port 44173
