11/06/2020 01:24:00 PM -SeleniumDriver - INFO: Element not found with locator: a[class='account'] > span 
11/06/2020 01:24:00 PM -SeleniumDriver - INFO: Element is NOT present
11/06/2020 01:24:01 PM -SeleniumDriver - INFO: Element found with locator: email
11/06/2020 01:24:01 PM -SeleniumDriver - INFO: Element found with locator: passwd
11/06/2020 01:24:01 PM -SeleniumDriver - INFO: Element found with locator: email
11/06/2020 01:24:02 PM -SeleniumDriver - INFO: Sent data on element with locator: email
11/06/2020 01:24:02 PM -SeleniumDriver - INFO: Element found with locator: passwd
11/06/2020 01:24:02 PM -SeleniumDriver - INFO: Sent data on element with locator: passwd
11/06/2020 01:24:02 PM -SeleniumDriver - INFO: Element found with locator: SubmitLogin
11/06/2020 01:24:02 PM -SeleniumDriver - INFO: Clicked on element with locator: SubmitLogin
11/06/2020 01:24:02 PM -SeleniumDriver - INFO: Element found with locator: //li[contains(text(),'Authentication failed.')]
11/06/2020 01:24:02 PM -SeleniumDriver - INFO: Element is present with locator: //li[contains(text(),'Authentication failed.')]
11/06/2020 01:24:02 PM -Status - INFO: ------ SUCCESSFUL :: + Invalid login test
11/06/2020 01:24:02 PM -Status - INFO: ------ TEST SUCCESSFUL

11/06/2020 01:24:03 PM -SeleniumDriver - INFO: Element found with locator: email
11/06/2020 01:24:03 PM -SeleniumDriver - INFO: Element found with locator: passwd
11/06/2020 01:24:03 PM -SeleniumDriver - INFO: Element found with locator: email
11/06/2020 01:24:03 PM -SeleniumDriver - INFO: Sent data on element with locator: email
11/06/2020 01:24:03 PM -SeleniumDriver - INFO: Element found with locator: passwd
11/06/2020 01:24:03 PM -SeleniumDriver - INFO: Sent data on element with locator: passwd
11/06/2020 01:24:03 PM -SeleniumDriver - INFO: Element found with locator: SubmitLogin
11/06/2020 01:24:05 PM -SeleniumDriver - INFO: Clicked on element with locator: SubmitLogin
11/06/2020 01:24:05 PM -SeleniumDriver - INFO: Element found with locator: a[class='account'] > span 
11/06/2020 01:24:05 PM -SeleniumDriver - INFO: Element is present with locator: a[class='account'] > span 
11/06/2020 01:24:05 PM -Status - INFO: ------ SUCCESSFUL :: + Valid login test
11/06/2020 01:24:05 PM -Status - INFO: ------ TEST SUCCESSFUL

11/06/2020 01:24:09 PM -FrontPage - INFO: Wait for img[class='logo img-responsive']
11/06/2020 01:24:09 PM -FrontPage - INFO: Element list found with locator: //ul[@id='homefeatured']/*/div[@class='product-container']/div[@class='right-block']/*/a[@class='product-name']
11/06/2020 01:24:09 PM -FrontPage - INFO: Number of product cards: 7
11/06/2020 01:24:09 PM -FrontPage - INFO: Element list found with locator: //ul[@id='homefeatured']/*/div[@class='product-container']/div[@class='right-block']/*/a[@class='product-name']
11/06/2020 01:24:09 PM -Status - INFO: ------ SUCCESSFUL :: + Number of items on front page test
11/06/2020 01:24:09 PM -Status - INFO: ------ TEST SUCCESSFUL

11/06/2020 01:24:09 PM -FrontPage - INFO: Element found with locator: a[class='homefeatured']
11/06/2020 01:24:09 PM -FrontPage - INFO: Clicked on element with locator: a[class='homefeatured']
11/06/2020 01:24:09 PM -FrontPage - INFO: Element list found with locator: //ul[@id='homefeatured']/*/div[@class='product-container']/div[@class='right-block']/*/a[@class='product-name']
11/06/2020 01:24:09 PM -FrontPage - INFO: Element found with locator: //ul[@id='homefeatured' and contains(@class, 'active')]
11/06/2020 01:24:09 PM -FrontPage - INFO: Element is present with locator: //ul[@id='homefeatured' and contains(@class, 'active')]
11/06/2020 01:24:14 PM -FrontPage - INFO: Element not found with locator: //ul[@id='blockbestsellers' and contains(@class, 'active')]
11/06/2020 01:24:14 PM -FrontPage - INFO: Element is NOT present
11/06/2020 01:24:14 PM -Status - INFO: ------ SUCCESSFUL :: + Popular items test
11/06/2020 01:24:14 PM -Status - INFO: ------ TEST SUCCESSFUL

11/06/2020 01:24:14 PM -FrontPage - INFO: Element found with locator: a[class='blockbestsellers']
11/06/2020 01:24:14 PM -FrontPage - INFO: Clicked on element with locator: a[class='blockbestsellers']
11/06/2020 01:24:14 PM -FrontPage - INFO: Element list found with locator: #blockbestsellers .product-container .right-block .product-name
11/06/2020 01:24:19 PM -FrontPage - INFO: Element not found with locator: //ul[@id='homefeatured' and contains(@class, 'active')]
11/06/2020 01:24:19 PM -FrontPage - INFO: Element is NOT present
11/06/2020 01:24:20 PM -FrontPage - INFO: Element found with locator: //ul[@id='blockbestsellers' and contains(@class, 'active')]
11/06/2020 01:24:20 PM -FrontPage - INFO: Element is present with locator: //ul[@id='blockbestsellers' and contains(@class, 'active')]
11/06/2020 01:24:20 PM -Status - INFO: ------ SUCCESSFUL :: + Best sellers items test
11/06/2020 01:24:20 PM -Status - INFO: ------ TEST SUCCESSFUL

11/06/2020 01:24:25 PM -SeleniumDriver - INFO: Element not found with locator: a[class='account'] > span 
11/06/2020 01:24:25 PM -SeleniumDriver - INFO: Element is NOT present
11/06/2020 01:24:26 PM -FrontPage - INFO: Element found with locator: //div[@class='right-block']/h5/a[@title='Faded Short Sleeve T-shirts']
11/06/2020 01:24:26 PM -FrontPage - INFO: Element found with locator: //div[@class='right-block']/h5/a[@title='Faded Short Sleeve T-shirts']/../../div[@class='button-container']//span[text() = 'Add to cart']
11/06/2020 01:24:26 PM -FrontPage - INFO: Clicked on element with locator: //div[@class='right-block']/h5/a[@title='Faded Short Sleeve T-shirts']/../../div[@class='button-container']//span[text() = 'Add to cart']
11/06/2020 01:24:26 PM -FrontPage - INFO: Element found with locator: //span[contains(text(),'Proceed to checkout')]
11/06/2020 01:24:30 PM -FrontPage - INFO: Element found with locator: cart_title
11/06/2020 01:24:30 PM -FrontPage - INFO: Element is present with locator: cart_title
11/06/2020 01:24:30 PM -Status - INFO: ------ SUCCESSFUL :: + Add to cart w/o session test
11/06/2020 01:24:30 PM -Status - INFO: ------ TEST SUCCESSFUL

11/06/2020 01:24:31 PM -SeleniumDriver - INFO: Element found with locator: email
11/06/2020 01:24:31 PM -SeleniumDriver - INFO: Element found with locator: passwd
11/06/2020 01:24:31 PM -SeleniumDriver - INFO: Element found with locator: email
11/06/2020 01:24:31 PM -SeleniumDriver - INFO: Sent data on element with locator: email
11/06/2020 01:24:31 PM -SeleniumDriver - INFO: Element found with locator: passwd
11/06/2020 01:24:31 PM -SeleniumDriver - INFO: Sent data on element with locator: passwd
11/06/2020 01:24:31 PM -SeleniumDriver - INFO: Element found with locator: SubmitLogin
11/06/2020 01:24:33 PM -SeleniumDriver - INFO: Clicked on element with locator: SubmitLogin
11/06/2020 01:24:33 PM -SeleniumDriver - INFO: Wait for span[class='ajax_cart_quantity']:nth-child(2)
11/06/2020 01:24:33 PM -Status - INFO: ------ SUCCESSFUL :: + Add to cart w/o session preserves items in cart test
11/06/2020 01:24:33 PM -Status - INFO: ------ TEST SUCCESSFUL

11/06/2020 01:24:37 PM -SeleniumDriver - INFO: Element found with locator: email
11/06/2020 01:24:37 PM -SeleniumDriver - INFO: Element found with locator: passwd
11/06/2020 01:24:37 PM -SeleniumDriver - INFO: Element found with locator: email
11/06/2020 01:24:37 PM -SeleniumDriver - INFO: Sent data on element with locator: email
11/06/2020 01:24:37 PM -SeleniumDriver - INFO: Element found with locator: passwd
11/06/2020 01:24:37 PM -SeleniumDriver - INFO: Sent data on element with locator: passwd
11/06/2020 01:24:37 PM -SeleniumDriver - INFO: Element found with locator: SubmitLogin
11/06/2020 01:24:39 PM -SeleniumDriver - INFO: Clicked on element with locator: SubmitLogin
11/06/2020 01:24:40 PM -FrontPage - INFO: Element found with locator: search_query_top
11/06/2020 01:24:41 PM -FrontPage - INFO: Sent data on element with locator: search_query_top
11/06/2020 01:24:41 PM -ResultsPage - INFO: Wait for p[class='alert alert-warning']
11/06/2020 01:24:41 PM -ResultsPage - INFO: Element is present
11/06/2020 01:24:41 PM -Status - INFO: ------ SUCCESSFUL :: + Search items with no results test
11/06/2020 01:24:41 PM -Status - INFO: ------ TEST SUCCESSFUL

11/06/2020 01:24:42 PM -FrontPage - INFO: Element found with locator: search_query_top
11/06/2020 01:24:42 PM -FrontPage - INFO: Element found with locator: search_query_top
11/06/2020 01:24:42 PM -FrontPage - INFO: Sent data on element with locator: search_query_top
11/06/2020 01:24:47 PM -ResultsPage - INFO: Element found with locator: //h1[contains(text(), 'Printed Summer Dress')]
11/06/2020 01:24:47 PM -ResultsPage - INFO: Element is present with locator: //h1[contains(text(), 'Printed Summer Dress')]
11/06/2020 01:24:47 PM -Status - INFO: ------ SUCCESSFUL :: + Search an item via dropdown test
11/06/2020 01:24:47 PM -Status - INFO: ------ TEST SUCCESSFUL

11/06/2020 01:24:49 PM -FrontPage - INFO: Element found with locator: search_query_top
11/06/2020 01:24:50 PM -FrontPage - INFO: Sent data on element with locator: search_query_top
11/06/2020 01:24:50 PM -ResultsPage - INFO: Wait for //span[contains(text(), 'printed')]
11/06/2020 01:24:50 PM -ResultsPage - INFO: Wait for locator: .product-container
11/06/2020 01:24:50 PM -ResultsPage - INFO: Element is present
11/06/2020 01:24:50 PM -Status - INFO: ------ SUCCESSFUL :: + Search results test
11/06/2020 01:24:50 PM -Status - INFO: ------ TEST SUCCESSFUL

11/06/2020 01:24:55 PM -FrontPage - INFO: Element found with locator: search_query_top
11/06/2020 01:24:57 PM -FrontPage - INFO: Sent data on element with locator: search_query_top
11/06/2020 01:25:00 PM -ResultsPage - INFO: Wait for locator: .product-container
11/06/2020 01:25:01 PM -ResultsPage - INFO: Clicked on element with js executor method
11/06/2020 01:25:01 PM -ResultsPage - INFO: Wait for span[title='Continue shopping']
11/06/2020 01:25:02 PM -ResultsPage - INFO: Clicked on element
11/06/2020 01:25:02 PM -ResultsPage - INFO: Clicked on element with js executor method
11/06/2020 01:25:02 PM -ResultsPage - INFO: Wait for span[title='Continue shopping']
11/06/2020 01:25:03 PM -ResultsPage - INFO: Clicked on element
11/06/2020 01:25:03 PM -ResultsPage - INFO: Clicked on element with js executor method
11/06/2020 01:25:03 PM -ResultsPage - INFO: Wait for a[title='Proceed to checkout']
11/06/2020 01:25:05 PM -ResultsPage - INFO: Clicked on element
11/06/2020 01:25:05 PM -ResultsPage - INFO: Element list found with locator: dl[class='products'] > dt
11/06/2020 01:25:05 PM -Status - INFO: ------ SUCCESSFUL :: + Add multiple products to cart test
11/06/2020 01:25:05 PM -Status - INFO: ------ TEST SUCCESSFUL

11/06/2020 01:25:07 PM -SeleniumDriver - INFO: Element list found with locator: table#cart_summary tbody > tr
11/06/2020 01:25:07 PM -SeleniumDriver - INFO: Clicked on element
11/06/2020 01:25:10 PM -SeleniumDriver - INFO: Clicked on element
11/06/2020 01:25:13 PM -SeleniumDriver - INFO: Clicked on element
11/06/2020 01:25:16 PM -SeleniumDriver - INFO: Wait for //p[contains(text(), 'Your shopping cart is empty.')]
11/06/2020 01:25:18 PM -FrontPage - INFO: Element found with locator: search_query_top
11/06/2020 01:25:21 PM -FrontPage - INFO: Sent data on element with locator: search_query_top
11/06/2020 01:25:24 PM -ResultsPage - INFO: Wait for locator: .product-container
11/06/2020 01:25:24 PM -ResultsPage - INFO: Clicked on element with js executor method
11/06/2020 01:25:24 PM -ResultsPage - INFO: Wait for span[title='Continue shopping']
11/06/2020 01:25:25 PM -ResultsPage - INFO: Clicked on element
11/06/2020 01:25:25 PM -ResultsPage - INFO: Clicked on element with js executor method
11/06/2020 01:25:25 PM -ResultsPage - INFO: Wait for span[title='Continue shopping']
11/06/2020 01:25:26 PM -ResultsPage - INFO: Clicked on element
11/06/2020 01:25:26 PM -ResultsPage - INFO: Clicked on element with js executor method
11/06/2020 01:25:26 PM -ResultsPage - INFO: Wait for a[title='Proceed to checkout']
11/06/2020 01:25:29 PM -ResultsPage - INFO: Clicked on element
11/06/2020 01:25:29 PM -SeleniumDriver - INFO: Element list found with locator: table#cart_summary tbody > tr
11/06/2020 01:25:29 PM -Status - INFO: ------ SUCCESSFUL :: + Matching items in cart from results page and cart page test
11/06/2020 01:25:29 PM -Status - INFO: ------ TEST SUCCESSFUL

11/06/2020 01:25:30 PM -SeleniumDriver - INFO: Element list found with locator: table#cart_summary tbody > tr
11/06/2020 01:25:30 PM -SeleniumDriver - INFO: Element list found with locator: table#cart_summary tbody > tr
11/06/2020 01:25:31 PM -SeleniumDriver - INFO: Clicked on element
11/06/2020 01:25:34 PM -SeleniumDriver - INFO: Element list found with locator: table#cart_summary tbody > tr
11/06/2020 01:25:34 PM -Status - INFO: ------ SUCCESSFUL :: + Remove an item from cart test
11/06/2020 01:25:34 PM -Status - INFO: ------ TEST SUCCESSFUL

11/06/2020 01:25:34 PM -SeleniumDriver - INFO: Element list found with locator: table#cart_summary tbody > tr
11/06/2020 01:25:34 PM -SeleniumDriver - INFO: Clicked on element
11/06/2020 01:25:37 PM -SeleniumDriver - INFO: Clicked on element
11/06/2020 01:25:40 PM -SeleniumDriver - INFO: Wait for //p[contains(text(), 'Your shopping cart is empty.')]
11/06/2020 01:25:40 PM -SeleniumDriver - INFO: Element found with locator: //p[contains(text(), 'Your shopping cart is empty.')]
11/06/2020 01:25:40 PM -SeleniumDriver - INFO: Element is present with locator: //p[contains(text(), 'Your shopping cart is empty.')]
11/06/2020 01:25:45 PM -SeleniumDriver - INFO: Element not found with locator: table#cart_summary tbody > tr
11/06/2020 01:25:45 PM -SeleniumDriver - INFO: Element is NOT present
11/06/2020 01:25:45 PM -Status - INFO: ------ SUCCESSFUL :: + Remove all items from cart test
11/06/2020 01:25:45 PM -Status - INFO: ------ TEST SUCCESSFUL

11/06/2020 01:25:49 PM -FrontPage - INFO: Element found with locator: search_query_top
11/06/2020 01:25:50 PM -FrontPage - INFO: Sent data on element with locator: search_query_top
11/06/2020 01:25:53 PM -ResultsPage - INFO: Wait for locator: .product-container
11/06/2020 01:25:53 PM -ResultsPage - INFO: Clicked on element with js executor method
11/06/2020 01:25:53 PM -ResultsPage - INFO: Wait for span[title='Continue shopping']
11/06/2020 01:25:54 PM -ResultsPage - INFO: Clicked on element
11/06/2020 01:25:54 PM -ResultsPage - INFO: Clicked on element with js executor method
11/06/2020 01:25:54 PM -ResultsPage - INFO: Wait for span[title='Continue shopping']
11/06/2020 01:25:55 PM -ResultsPage - INFO: Clicked on element
11/06/2020 01:25:55 PM -ResultsPage - INFO: Clicked on element with js executor method
11/06/2020 01:25:55 PM -ResultsPage - INFO: Wait for a[title='Proceed to checkout']
11/06/2020 01:25:58 PM -ResultsPage - INFO: Clicked on element
11/06/2020 01:25:58 PM -SeleniumDriver - INFO: Element found with locator: a[title='Proceed to checkout']:nth-child(1)
11/06/2020 01:26:00 PM -SeleniumDriver - INFO: Clicked on element with locator: a[title='Proceed to checkout']:nth-child(1)
11/06/2020 01:26:00 PM -SeleniumDriver - INFO: Wait for //h1[contains(text(),'Authentication')]
11/06/2020 01:26:00 PM -SeleniumDriver - INFO: Element is present
11/06/2020 01:26:00 PM -Status - INFO: ------ SUCCESSFUL :: + Checkout sign in flow test
11/06/2020 01:26:00 PM -Status - INFO: ------ TEST SUCCESSFUL

11/06/2020 01:26:00 PM -SeleniumDriver - INFO: Wait for SubmitLogin
11/06/2020 01:26:00 PM -SeleniumDriver - INFO: Element found with locator: email
11/06/2020 01:26:00 PM -SeleniumDriver - INFO: Sent data on element with locator: email
11/06/2020 01:26:00 PM -SeleniumDriver - INFO: Element found with locator: passwd
11/06/2020 01:26:00 PM -SeleniumDriver - INFO: Sent data on element with locator: passwd
11/06/2020 01:26:01 PM -SeleniumDriver - INFO: Clicked on element
11/06/2020 01:26:01 PM -SeleniumDriver - INFO: Wait for textarea[name='message']
11/06/2020 01:26:01 PM -SeleniumDriver - INFO: Sent data on element
11/06/2020 01:26:01 PM -SeleniumDriver - INFO: Element found with locator: //h1[contains(text(),'Address')]
11/06/2020 01:26:01 PM -SeleniumDriver - INFO: Element is present with locator: //h1[contains(text(),'Address')]
11/06/2020 01:26:01 PM -SeleniumDriver - INFO: Element found with locator: ul[id='address_delivery'] > li[class*='address_firstname']
11/06/2020 01:26:01 PM -SeleniumDriver - INFO: Element found with locator: ul[id='address_invoice'] > li[class*='address_firstname']
11/06/2020 01:26:01 PM -SeleniumDriver - INFO: Element found with locator: ul[id='address_delivery'] > li[class*='address_address1']
11/06/2020 01:26:01 PM -SeleniumDriver - INFO: Element found with locator: ul[id='address_invoice'] > li[class*='address_address1']
11/06/2020 01:26:01 PM -SeleniumDriver - INFO: Element found with locator: ul[id='address_delivery'] > li[class*='address_city']
11/06/2020 01:26:01 PM -SeleniumDriver - INFO: Element found with locator: ul[id='address_invoice'] > li[class*='address_city']
11/06/2020 01:26:01 PM -SeleniumDriver - INFO: Element found with locator: ul[id='address_delivery'] > li[class*='address_country_name']
11/06/2020 01:26:01 PM -SeleniumDriver - INFO: Element found with locator: ul[id='address_invoice'] > li[class*='address_country_name']
11/06/2020 01:26:01 PM -SeleniumDriver - INFO: Element found with locator: ul[id='address_delivery'] > li[class*='address_phone_mobile']
11/06/2020 01:26:01 PM -SeleniumDriver - INFO: Element found with locator: ul[id='address_invoice'] > li[class*='address_phone_mobile']
11/06/2020 01:26:01 PM -Status - INFO: ------ SUCCESSFUL :: + Checkout address test
11/06/2020 01:26:01 PM -Status - INFO: ------ TEST SUCCESSFUL

11/06/2020 01:26:01 PM -SeleniumDriver - INFO: Element found with locator: button[name='processAddress']
11/06/2020 01:26:02 PM -SeleniumDriver - INFO: Clicked on element with locator: button[name='processAddress']
11/06/2020 01:26:02 PM -SeleniumDriver - INFO: Element found with locator: button[name='processCarrier']
11/06/2020 01:26:02 PM -SeleniumDriver - INFO: Clicked on element with locator: button[name='processCarrier']
11/06/2020 01:26:02 PM -SeleniumDriver - INFO: Wait for p[class='fancybox-error']
11/06/2020 01:26:02 PM -SeleniumDriver - INFO: Element is present
11/06/2020 01:26:02 PM -Status - INFO: ------ SUCCESSFUL :: + Shipping tos error message test
11/06/2020 01:26:02 PM -Status - INFO: ------ TEST SUCCESSFUL

11/06/2020 01:26:03 PM -SeleniumDriver - INFO: Element found with locator: a[class*='fancybox-close']
11/06/2020 01:26:03 PM -SeleniumDriver - INFO: Clicked on element with locator: a[class*='fancybox-close']
11/06/2020 01:26:03 PM -SeleniumDriver - INFO: Element found with locator: cgv
11/06/2020 01:26:03 PM -SeleniumDriver - INFO: Clicked on element with locator: cgv
11/06/2020 01:26:03 PM -SeleniumDriver - INFO: Element found with locator: button[name='processCarrier']
11/06/2020 01:26:05 PM -SeleniumDriver - INFO: Clicked on element with locator: button[name='processCarrier']
11/06/2020 01:26:05 PM -SeleniumDriver - INFO: Wait for //h1[text()='Please choose your payment method']
11/06/2020 01:26:05 PM -SeleniumDriver - INFO: Element is present
11/06/2020 01:26:05 PM -Status - INFO: ------ SUCCESSFUL :: + Shipping proceed with tos agreement test
11/06/2020 01:26:05 PM -Status - INFO: ------ TEST SUCCESSFUL

11/06/2020 01:26:05 PM -SeleniumDriver - INFO: Wait for a[title='Pay by bank wire']
11/06/2020 01:26:06 PM -SeleniumDriver - INFO: Clicked on element
11/06/2020 01:26:06 PM -SeleniumDriver - INFO: Wait for //h3[contains(text(),'Bank-wire payment.')]
11/06/2020 01:26:06 PM -SeleniumDriver - INFO: Element is present
11/06/2020 01:26:06 PM -Status - INFO: ------ SUCCESSFUL :: + Pay by bank wire
11/06/2020 01:26:06 PM -Status - INFO: ------ TEST SUCCESSFUL

11/06/2020 01:26:06 PM -SeleniumDriver - INFO: Wait for //span[contains(text(), 'I confirm my order')]
11/06/2020 01:26:08 PM -SeleniumDriver - INFO: Clicked on element
11/06/2020 01:26:08 PM -SeleniumDriver - INFO: Wait for //strong[text()='Your order on My Store is complete.']
11/06/2020 01:26:08 PM -SeleniumDriver - INFO: Element is present
11/06/2020 01:26:11 PM -FrontPage - INFO: Wait for //div[@id='contact-link']/a
11/06/2020 01:26:12 PM -FrontPage - INFO: Clicked on element
11/06/2020 01:26:12 PM -SeleniumDriver - INFO: Wait for id_contact
11/06/2020 01:26:13 PM -SeleniumDriver - INFO: Sent data on element
11/06/2020 01:26:13 PM -SeleniumDriver - INFO: Wait for email
11/06/2020 01:26:13 PM -SeleniumDriver - INFO: Sent data on element
11/06/2020 01:26:13 PM -SeleniumDriver - INFO: Wait for id_order
11/06/2020 01:26:13 PM -SeleniumDriver - INFO: Sent data on element
11/06/2020 01:26:13 PM -SeleniumDriver - INFO: Wait for fileUpload
11/06/2020 01:26:13 PM -SeleniumDriver - INFO: Sent data on element
11/06/2020 01:26:13 PM -SeleniumDriver - INFO: Wait for message
11/06/2020 01:26:13 PM -SeleniumDriver - INFO: Sent data on element
11/06/2020 01:26:13 PM -SeleniumDriver - INFO: Wait for submitMessage
11/06/2020 01:26:14 PM -SeleniumDriver - INFO: Clicked on element
11/06/2020 01:26:14 PM -SeleniumDriver - INFO: Wait for //p[@class='alert alert-success']
11/06/2020 01:26:14 PM -SeleniumDriver - INFO: Element is present
11/06/2020 01:26:14 PM -Status - INFO: ------ SUCCESSFUL :: + Contact us page test
11/06/2020 01:26:14 PM -Status - INFO: ------ TEST SUCCESSFUL

